<?xml version="1.0" encoding="UTF-8"?>
<!-- Generated by org.testng.reporters.JUnitReportReporter -->
<testsuite hostname="Hendras-MacBook-Pro.local" failures="0" tests="2" name="selenium.Automation.LoginTest" time="12.403" errors="0" timestamp="2024-02-12T16:23:40 WIB" skipped="0">
  <testcase classname="selenium.Automation.LoginTest" name="invalidLogin" time="5.432"/>
  <testcase classname="selenium.Automation.LoginTest" name="Login" time="6.971"/>
</testsuite> <!-- selenium.Automation.LoginTest -->
