<?xml version="1.0" encoding="UTF-8"?>
<!-- Generated by org.testng.reporters.JUnitReportReporter -->
<testsuite hostname="Hendras-MacBook-Pro.local" failures="0" tests="1" name="selenium.Automation.MakeAppointment" time="9.948" errors="0" timestamp="2024-02-12T16:39:29 WIB" skipped="0">
  <testcase classname="selenium.Automation.MakeAppointment" name="inputValidAppointment" time="9.948"/>
</testsuite> <!-- selenium.Automation.MakeAppointment -->
